<?xml version="1.0" encoding="UTF-8"?>
<!-- Generated by org.testng.reporters.JUnitReportReporter -->
<testsuite hostname="EugenePC" failures="0" tests="4" name="tests.NewCustomerTest" time="8.109" errors="0" timestamp="31 мар. 2023 18:14:52 GMT" skipped="0">
  <testcase classname="tests.NewCustomerTest" name="checkSearchOfCustomer" time="6.488"/>
  <testcase classname="tests.NewCustomerTest" name="testFieldsForCustomer" time="0.644"/>
  <testcase classname="tests.NewCustomerTest" name="createNewCustomer" time="0.758"/>
  <testcase classname="tests.NewCustomerTest" name="checkSortingList" time="0.219"/>
</testsuite> <!-- tests.NewCustomerTest -->
